[debug] [2025-03-21T12:45:33.136Z] ----------------------------------------------------------------------
[debug] [2025-03-21T12:45:33.138Z] Command:       C:\Program Files\nodejs\node.exe C:\Program Files\nodejs\node_modules\firebase-tools\lib\bin\firebase.js init
[debug] [2025-03-21T12:45:33.139Z] CLI Version:   13.35.1
[debug] [2025-03-21T12:45:33.139Z] Platform:      win32
[debug] [2025-03-21T12:45:33.139Z] Node Version:  v22.9.0
[debug] [2025-03-21T12:45:33.139Z] Time:          Fri Mar 21 2025 19:45:33 GMT+0700 (GMT+07:00)
[debug] [2025-03-21T12:45:33.139Z] ----------------------------------------------------------------------
[debug] 
[debug] [2025-03-21T12:45:33.147Z] > command requires scopes: ["email","openid","https://www.googleapis.com/auth/cloudplatformprojects.readonly","https://www.googleapis.com/auth/firebase","https://www.googleapis.com/auth/cloud-platform"]
[debug] [2025-03-21T12:45:33.147Z] > authorizing via signed-in user (suxinintusur@gmail.com)
[info] 
     ######## #### ########  ######## ########     ###     ######  ########
     ##        ##  ##     ## ##       ##     ##  ##   ##  ##       ##
     ######    ##  ########  ######   ########  #########  ######  ######
     ##        ##  ##    ##  ##       ##     ## ##     ##       ## ##
     ##       #### ##     ## ######## ########  ##     ##  ######  ########

You're about to initialize a Firebase project in this directory:

  C:\Users\suxin\OneDrive\Documents\GitHub\receipt_dispenser\app

[info] 
=== Project Setup
[info] 
[info] First, let's associate this project directory with a Firebase project.
[info] You can create multiple project aliases by running firebase use --add, 
[info] but for now we'll just set up a default project.
[info] 
[info] i  If you want to create a project in a Google Cloud organization or folder, please use "firebase projects:create" instead, and return to this command when you've created the project. 
[debug] [2025-03-21T12:46:26.079Z] Checked if tokens are valid: true, expires at: 1742564653061
[debug] [2025-03-21T12:46:26.079Z] Checked if tokens are valid: true, expires at: 1742564653061
[debug] [2025-03-21T12:46:26.080Z] >>> [apiv2][query] POST https://cloudresourcemanager.googleapis.com/v1/projects [none]
[debug] [2025-03-21T12:46:26.080Z] >>> [apiv2][body] POST https://cloudresourcemanager.googleapis.com/v1/projects {"projectId":"server-firebase","name":"server-firebase"}
[debug] [2025-03-21T12:46:27.115Z] <<< [apiv2][status] POST https://cloudresourcemanager.googleapis.com/v1/projects 409
[debug] [2025-03-21T12:46:27.115Z] <<< [apiv2][body] POST https://cloudresourcemanager.googleapis.com/v1/projects {"error":{"code":409,"message":"Requested entity already exists","status":"ALREADY_EXISTS"}}
[debug] [2025-03-21T12:46:27.117Z] FirebaseError: Request to https://cloudresourcemanager.googleapis.com/v1/projects had HTTP Error: 409, Requested entity already exists
    at responseToError (C:\Users\suxin\AppData\Roaming\nvm\v22.9.0\node_modules\firebase-tools\lib\responseToError.js:52:12)
    at RetryOperation._fn (C:\Users\suxin\AppData\Roaming\nvm\v22.9.0\node_modules\firebase-tools\lib\apiv2.js:312:77)
    at process.processTicksAndRejections (node:internal/process/task_queues:105:5)
[error] 
[error] Error: Failed to create project because there is already a project with ID server-firebase. Please try again with a unique project ID.
